-------------------
Image size:
-------------------
3 x 3
-------------------
Data shape:
-------------------
14034 x 27
-------------------
Train data first 5 rows:
-------------------
                                               image  class
0  [[[0.22745098039215686, 0.23529411764705882, 0...      5
1  [[[0.5411764705882353, 0.3764705882352941, 0.3...      5
2  [[[0.1843137254901961, 0.41568627450980394, 0....      5
3  [[[0.5686274509803921, 0.5686274509803921, 0.5...      5
4  [[[0.12156862745098039, 0.12156862745098039, 0...      5
-------------------
Validation data first 5 rows:
-------------------
Train data class distribution:
-------------------
class
3    2512
2    2404
5    2382
4    2274
1    2271
0    2191
Name: count, dtype: int64
-------------------
Validation data class distribution:
-------------------
class
2    553
3    525
4    510
5    501
1    474
0    437
Name: count, dtype: int64
-------------------
2024-06-06 00:28:45.119877-04:00
2024-06-06 00:28:45.485096-04:00
Training time: 0:00:00.365219
LinearSVC Score:
-------------------
0.49566666666666664
-------------------

-------------------
Image size:
-------------------
5 x 5
-------------------
Data shape:
-------------------
14034 x 75
-------------------
Train data first 5 rows:
-------------------
                                               image  class
0  [[[0.1607843137254902, 0.16470588235294117, 0....      5
1  [[[0.5176470588235295, 0.2980392156862745, 0.1...      5
2  [[[0.03137254901960784, 0.1411764705882353, 0....      5
3  [[[0.5725490196078431, 0.5725490196078431, 0.5...      5
4  [[[0.13725490196078433, 0.13725490196078433, 0...      5
-------------------
Validation data first 5 rows:
-------------------
Train data class distribution:
-------------------
class
3    2512
2    2404
5    2382
4    2274
1    2271
0    2191
Name: count, dtype: int64
-------------------
Validation data class distribution:
-------------------
class
2    553
3    525
4    510
5    501
1    474
0    437
Name: count, dtype: int64
-------------------
2024-06-06 00:29:18.388198-04:00
2024-06-06 00:29:21.305711-04:00
Training time: 0:00:02.917513
LinearSVC Score:
-------------------
0.5173333333333333
-------------------

-------------------
Image size:
-------------------
10 x 10
-------------------
Data shape:
-------------------
14034 x 300
-------------------
Train data first 5 rows:
-------------------
                                               image  class
0  [[[0.20392156862745098, 0.21568627450980393, 0...      5
1  [[[0.7450980392156863, 0.803921568627451, 0.65...      5
2  [[[0.0, 0.10196078431372549, 0.054901960784313...      5
3  [[[0.996078431372549, 0.996078431372549, 0.996...      5
4  [[[0.10588235294117647, 0.10588235294117647, 0...      5
-------------------
Validation data first 5 rows:
-------------------
Train data class distribution:
-------------------
class
3    2512
2    2404
5    2382
4    2274
1    2271
0    2191
Name: count, dtype: int64
-------------------
Validation data class distribution:
-------------------
class
2    553
3    525
4    510
5    501
1    474
0    437
Name: count, dtype: int64
-------------------
2024-06-06 00:31:55.265478-04:00
2024-06-06 00:32:15.692116-04:00
Training time: 0:00:20.426638
LinearSVC Score:
-------------------
0.5286666666666666
-------------------

-------------------
Image size:
-------------------
15 x 15
-------------------
Data shape:
-------------------
14034 x 675
-------------------
Train data first 5 rows:
-------------------
                                               image  class
0  [[[0.11764705882352941, 0.10588235294117647, 0...      5
1  [[[0.058823529411764705, 0.07058823529411765, ...      5
2  [[[0.16470588235294117, 0.39215686274509803, 0...      5
3  [[[0.7843137254901961, 0.7843137254901961, 0.7...      5
4  [[[0.0392156862745098, 0.0392156862745098, 0.0...      5
-------------------
Validation data first 5 rows:
-------------------
Train data class distribution:
-------------------
class
3    2512
2    2404
5    2382
4    2274
1    2271
0    2191
Name: count, dtype: int64
-------------------
Validation data class distribution:
-------------------
class
2    553
3    525
4    510
5    501
1    474
0    437
Name: count, dtype: int64
-------------------
2024-06-06 00:32:51.516676-04:00
2024-06-06 00:34:00.033149-04:00
Training time: 0:01:08.516473
LinearSVC Score:
-------------------
0.5286666666666666
-------------------

-------------------
Image size:
-------------------
30 x 30
-------------------
Data shape:
-------------------
14034 x 2700
-------------------
Train data first 5 rows:
-------------------
                                               image  class
0  [[[0.19215686274509805, 0.19215686274509805, 0...      5
1  [[[0.08235294117647059, 0.07058823529411765, 0...      5
2  [[[0.0, 0.1843137254901961, 0.1137254901960784...      5
3  [[[0.9921568627450981, 0.9921568627450981, 0.9...      5
4  [[[0.2784313725490196, 0.2784313725490196, 0.2...      5
-------------------
Validation data first 5 rows:
-------------------
Train data class distribution:
-------------------
class
3    2512
2    2404
5    2382
4    2274
1    2271
0    2191
Name: count, dtype: int64
-------------------
Validation data class distribution:
-------------------
class
2    553
3    525
4    510
5    501
1    474
0    437
Name: count, dtype: int64
-------------------
2024-06-06 00:36:47.772053-04:00
2024-06-06 00:55:30.352039-04:00
Training time: 0:18:42.579986
LinearSVC Score:
-------------------
0.436
-------------------


