Data shape:
-------------------
14034 x 7500
-------------------
Image size:
-------------------
 50 x 50
-------------------
Train data first 5 rows:
-------------------
                                               image  class
0  [[[0.6627450980392157, 0.592156862745098, 0.43...      0
1  [[[0.07058823529411765, 0.07450980392156863, 0...      0
2  [[[0.9882352941176471, 0.9764705882352941, 0.9...      0
3  [[[0.9215686274509803, 0.8862745098039215, 0.8...      0
4  [[[0.6431372549019608, 0.4, 0.2196078431372549...      0
-------------------
Validation data first 5 rows:
-------------------
Train data class distribution:
-------------------
class
3    2512
2    2404
5    2382
4    2274
1    2271
0    2191
Name: count, dtype: int64
-------------------
Validation data class distribution:
-------------------
class
2    553
3    525
4    510
5    501
1    474
0    437
Name: count, dtype: int64
-------------------
Batch size: 32
Epochs: 5
-------------------
2024-06-04 08:07:52.572293-04:00
Accuracy: 0.778333306312561
Validation loss: 0.642363965511322
-------------------

-------------------
Image size:
-------------------
50 x 50
-------------------
Data shape:
-------------------
14034 x 7500
-------------------
Train data first 5 rows:
-------------------
                                               image  class
0  [[[0.6627450980392157, 0.592156862745098, 0.43...      0
1  [[[0.07058823529411765, 0.07450980392156863, 0...      0
2  [[[0.9882352941176471, 0.9764705882352941, 0.9...      0
3  [[[0.9215686274509803, 0.8862745098039215, 0.8...      0
4  [[[0.6431372549019608, 0.4, 0.2196078431372549...      0
-------------------
Validation data first 5 rows:
-------------------
Train data class distribution:
-------------------
class
3    2512
2    2404
5    2382
4    2274
1    2271
0    2191
Name: count, dtype: int64
-------------------
Validation data class distribution:
-------------------
class
2    553
3    525
4    510
5    501
1    474
0    437
Name: count, dtype: int64
-------------------
Batch size: 32
Epochs: 10
-------------------
2024-06-04 08:15:13.340148-04:00
2024-06-04 08:19:34.382535-04:00
Training time: 0:04:21.042387
-------------------
Accuracy: 0.8036666512489319
Validation loss: 0.7047359347343445
-------------------


-------------------
Image size:
-------------------
50 x 50
-------------------
Data shape:
-------------------
14034 x 7500
-------------------
Train data first 5 rows:
-------------------
                                               image  class
0  [[[0.6627450980392157, 0.592156862745098, 0.43...      0
1  [[[0.07058823529411765, 0.07450980392156863, 0...      0
2  [[[0.9882352941176471, 0.9764705882352941, 0.9...      0
3  [[[0.9215686274509803, 0.8862745098039215, 0.8...      0
4  [[[0.6431372549019608, 0.4, 0.2196078431372549...      0
-------------------
Validation data first 5 rows:
-------------------
Train data class distribution:
-------------------
class
3    2512
2    2404
5    2382
4    2274
1    2271
0    2191
Name: count, dtype: int64
-------------------
Validation data class distribution:
-------------------
class
2    553
3    525
4    510
5    501
1    474
0    437
Name: count, dtype: int64
-------------------
Batch size: 64
Epochs: 10
-------------------
2024-06-04 08:22:34.273178-04:00
2024-06-04 08:26:28.437576-04:00
Training time: 0:03:54.164398
-------------------
Accuracy: 0.7799999713897705
Validation loss: 0.6916851997375488
-------------------


-------------------
Image size:
-------------------
50 x 50
-------------------
Data shape:
-------------------
14034 x 7500
-------------------
Train data first 5 rows:
-------------------
                                               image  class
0  [[[0.6627450980392157, 0.592156862745098, 0.43...      0
1  [[[0.07058823529411765, 0.07450980392156863, 0...      0
2  [[[0.9882352941176471, 0.9764705882352941, 0.9...      0
3  [[[0.9215686274509803, 0.8862745098039215, 0.8...      0
4  [[[0.6431372549019608, 0.4, 0.2196078431372549...      0
-------------------
Validation data first 5 rows:
-------------------
Train data class distribution:
-------------------
class
3    2512
2    2404
5    2382
4    2274
1    2271
0    2191
Name: count, dtype: int64
-------------------
Validation data class distribution:
-------------------
class
2    553
3    525
4    510
5    501
1    474
0    437
Name: count, dtype: int64
-------------------
Batch size: 16
Epochs: 10
-------------------
2024-06-04 08:27:15.982490-04:00
2024-06-04 08:32:17.831307-04:00
Training time: 0:05:01.848817
-------------------
Accuracy: 0.7850000262260437
Validation loss: 0.9877521991729736
-------------------


-------------------
Image size:
-------------------
50 x 50
-------------------
Data shape:
-------------------
14034 x 7500
-------------------
Train data first 5 rows:
-------------------
                                               image  class
0  [[[0.6627450980392157, 0.592156862745098, 0.43...      0
1  [[[0.07058823529411765, 0.07450980392156863, 0...      0
2  [[[0.9882352941176471, 0.9764705882352941, 0.9...      0
3  [[[0.9215686274509803, 0.8862745098039215, 0.8...      0
4  [[[0.6431372549019608, 0.4, 0.2196078431372549...      0
-------------------
Validation data first 5 rows:
-------------------
Train data class distribution:
-------------------
class
3    2512
2    2404
5    2382
4    2274
1    2271
0    2191
Name: count, dtype: int64
-------------------
Validation data class distribution:
-------------------
class
2    553
3    525
4    510
5    501
1    474
0    437
Name: count, dtype: int64
-------------------
Batch size: 32
Epochs: 15
-------------------
2024-06-04 08:33:40.537492-04:00
2024-06-04 08:41:27.579166-04:00
Training time: 0:07:47.041674
-------------------
Accuracy: 0.7910000085830688
Validation loss: 1.0974314212799072
-------------------

-------------------
Image size:
-------------------
60 x 60
-------------------
Data shape:
-------------------
14034 x 10800
-------------------
Train data first 5 rows:
-------------------
                                               image  class
0  [[[0.6588235294117647, 0.5882352941176471, 0.4...      0
1  [[[0.07058823529411765, 0.07450980392156863, 0...      0
2  [[[0.9882352941176471, 0.9764705882352941, 0.9...      0
3  [[[0.9215686274509803, 0.8862745098039215, 0.8...      0
4  [[[0.6470588235294118, 0.4, 0.2196078431372549...      0
-------------------
Validation data first 5 rows:
-------------------
Train data class distribution:
-------------------
class
3    2512
2    2404
5    2382
4    2274
1    2271
0    2191
Name: count, dtype: int64
-------------------
Validation data class distribution:
-------------------
class
2    553
3    525
4    510
5    501
1    474
0    437
Name: count, dtype: int64
-------------------
Batch size: 32
Epochs: 15
-------------------
2024-06-04 08:44:31.725791-04:00
2024-06-04 08:53:48.230008-04:00
Training time: 0:09:16.504217
-------------------
Accuracy: 0.7856666445732117
Validation loss: 1.1488980054855347
-------------------


-------------------
Image size:
-------------------
75 x 75
-------------------
Data shape:
-------------------
14034 x 16875
-------------------
Train data first 5 rows:
-------------------
                                               image  class
0  [[[0.6588235294117647, 0.5882352941176471, 0.4...      0
1  [[[0.07058823529411765, 0.07450980392156863, 0...      0
2  [[[0.9882352941176471, 0.9764705882352941, 0.9...      0
3  [[[0.9176470588235294, 0.8823529411764706, 0.8...      0
4  [[[0.6509803921568628, 0.403921568627451, 0.21...      0
-------------------
Validation data first 5 rows:
-------------------
Train data class distribution:
-------------------
class
3    2512
2    2404
5    2382
4    2274
1    2271
0    2191
Name: count, dtype: int64
-------------------
Validation data class distribution:
-------------------
class
2    553
3    525
4    510
5    501
1    474
0    437
Name: count, dtype: int64
-------------------
Batch size: 8
Epochs: 15
-------------------
2024-06-04 08:56:57.255791-04:00
2024-06-04 09:18:04.121160-04:00
Training time: 0:21:06.865369
-------------------
Accuracy: 0.7823333144187927
Validation loss: 1.729444980621338
-------------------

-------------------
Image size:
-------------------
30 x 30
-------------------
Data shape:
-------------------
56132 x 2700
-------------------
Train data first 5 rows:
-------------------
                                               image  class
0  [[[0.6705882352941176, 0.596078431372549, 0.44...      0
1  [[[0.22745098039215686, 0.43529411764705883, 0...      0
2  [[[1.0, 1.0, 1.0], [1.0, 1.0, 1.0], [1.0, 1.0,...      0
3  [[[0.3686274509803922, 0.4392156862745098, 0.6...      0
4  [[[0.0784313725490196, 0.07450980392156863, 0....      0
-------------------
Validation data first 5 rows:
-------------------
Train data class distribution:
-------------------
class
3    10047
2     9616
5     9527
4     9095
1     9084
0     8763
Name: count, dtype: int64
-------------------
Validation data class distribution:
-------------------
class
2    2212
3    2100
4    2040
5    2004
1    1896
0    1748
Name: count, dtype: int64
-------------------
Batch size: 32
Epochs: 10
-------------------
2024-06-04 10:04:32.994766-04:00
2024-06-04 10:09:43.840442-04:00
Training time: 0:05:10.845676
-------------------
Accuracy: 0.7302500009536743
Validation loss: 0.911411464214325
-------------------

-------------------
Image size:
-------------------
40 x 40
-------------------
Data shape:
-------------------
56132 x 4800
-------------------
Train data first 5 rows:
-------------------
                                               image  class
0  [[[0.6666666666666666, 0.596078431372549, 0.43...      0
1  [[[0.22745098039215686, 0.4392156862745098, 0....      0
2  [[[1.0, 1.0, 1.0], [1.0, 1.0, 1.0], [1.0, 1.0,...      0
3  [[[0.4588235294117647, 0.5411764705882353, 0.7...      0
4  [[[0.07450980392156863, 0.07450980392156863, 0...      0
-------------------
Validation data first 5 rows:
-------------------
Train data class distribution:
-------------------
class
3    10047
2     9616
5     9527
4     9095
1     9084
0     8763
Name: count, dtype: int64
-------------------
Validation data class distribution:
-------------------
class
2    2212
3    2100
4    2040
5    2004
1    1896
0    1748
Name: count, dtype: int64
-------------------
Batch size: 16
Epochs: 10
-------------------
2024-06-04 10:16:41.697117-04:00
2024-06-04 10:28:32.779089-04:00
Training time: 0:11:51.081972
-------------------
Accuracy: 0.715833306312561
Validation loss: 1.1528537273406982
-------------------


-------------------
Image size:
-------------------
40 x 40
-------------------
Data shape:
-------------------
56132 x 4800
-------------------
Train data first 5 rows:
-------------------
                                               image  class
0  [[[0.6666666666666666, 0.596078431372549, 0.43...      0
1  [[[0.22745098039215686, 0.4392156862745098, 0....      0
2  [[[1.0, 1.0, 1.0], [1.0, 1.0, 1.0], [1.0, 1.0,...      0
3  [[[0.4588235294117647, 0.5411764705882353, 0.7...      0
4  [[[0.07450980392156863, 0.07450980392156863, 0...      0
-------------------
Validation data first 5 rows:
-------------------
Train data class distribution:
-------------------
class
3    10047
2     9616
5     9527
4     9095
1     9084
0     8763
Name: count, dtype: int64
-------------------
Validation data class distribution:
-------------------
class
2    2212
3    2100
4    2040
5    2004
1    1896
0    1748
Name: count, dtype: int64
-------------------
Batch size: 32
Epochs: 15
-------------------
2024-06-04 10:31:09.045227-04:00
2024-06-04 10:45:08.421342-04:00
Training time: 0:13:59.376115
-------------------
Accuracy: 0.7235000133514404
Validation loss: 1.635602593421936
-------------------


-------------------
Image size:
-------------------
50 x 50
-------------------
Data shape:
-------------------
14034 x 7500
-------------------
Train data first 5 rows:
-------------------
                                               image  class
0  [[[0.6627450980392157, 0.592156862745098, 0.43...      0
1  [[[0.07058823529411765, 0.07450980392156863, 0...      0
2  [[[0.9882352941176471, 0.9764705882352941, 0.9...      0
3  [[[0.9215686274509803, 0.8862745098039215, 0.8...      0
4  [[[0.6431372549019608, 0.4, 0.2196078431372549...      0
-------------------
Validation data first 5 rows:
-------------------
Train data class distribution:
-------------------
class
3    2512
2    2404
5    2382
4    2274
1    2271
0    2191
Name: count, dtype: int64
-------------------
Validation data class distribution:
-------------------
class
2    553
3    525
4    510
5    501
1    474
0    437
Name: count, dtype: int64
-------------------
Batch size: 32
Epochs: 20
-------------------
2024-06-04 11:00:04.837974-04:00
2024-06-04 11:08:16.943383-04:00
Training time: 0:08:12.105409
-------------------
Accuracy: 0.7886666655540466
Validation loss: 1.1724108457565308
-------------------


